<?xml version="1.0" encoding="UTF-8"?>
<!-- Generated by org.testng.reporters.JUnitReportReporter -->
<testsuite hostname="DESKTOP-GMUQ901" failures="0" tests="1" name="testcases.Screenshot" time="18.334" errors="0" timestamp="09 Jul 2019 09:23:31 GMT" skipped="0">
  <testcase classname="testcases.Screenshot" name="screenshot" time="18.334"/>
</testsuite> <!-- testcases.Screenshot -->
