<?xml version="1.0" encoding="UTF-8"?>
<!-- Generated by org.testng.reporters.JUnitReportReporter -->
<testsuite hostname="DESKTOP-GMUQ901" failures="0" tests="1" name="testcases.checkbox.Assertin" time="16.800" errors="0" timestamp="19 Sep 2019 09:17:27 GMT" skipped="0">
  <testcase classname="testcases.checkbox.Assertin" name="test" time="16.800"/>
</testsuite> <!-- testcases.checkbox.Assertin -->
