<?xml version="1.0" encoding="UTF-8"?>
<!-- Generated by org.testng.reporters.JUnitReportReporter -->
<testsuite hostname="DESKTOP-GMUQ901" failures="0" tests="1" name="testcases.Property" time="12.726" errors="0" timestamp="19 Sep 2019 12:01:59 GMT" skipped="0">
  <testcase classname="testcases.Property" name="reading" time="12.726"/>
</testsuite> <!-- testcases.Property -->
