<?xml version="1.0" encoding="UTF-8"?>
<!-- Generated by org.testng.reporters.JUnitReportReporter -->
<testsuite hostname="DESKTOP-GMUQ901" failures="0" tests="1" name="notesprograms.TestNg" time="20.795" errors="0" timestamp="23 Oct 2019 11:27:11 GMT" skipped="0">
  <testcase classname="notesprograms.TestNg" name="login" time="20.795"/>
</testsuite> <!-- notesprograms.TestNg -->
