<?xml version="1.0" encoding="UTF-8"?>
<!-- Generated by org.testng.reporters.JUnitReportReporter -->
<testsuite hostname="DESKTOP-GMUQ901" failures="0" tests="1" name="inheritence.Inheritence" time="16.424" errors="0" timestamp="20 Sep 2019 09:05:08 GMT" skipped="0">
  <testcase classname="inheritence.Inheritence" name="main" time="16.424"/>
</testsuite> <!-- inheritence.Inheritence -->
