<?xml version="1.0" encoding="UTF-8"?>
<!-- Generated by org.testng.reporters.JUnitReportReporter -->
<testsuite hostname="DESKTOP-GMUQ901" failures="0" tests="4" name="testcases.Testng" time="16.930" errors="0" timestamp="18 Sep 2019 10:22:41 GMT" skipped="0">
  <testcase classname="testcases.Testng" name="base" time="5.169"/>
  <testcase classname="testcases.Testng" name="url" time="10.249"/>
  <testcase classname="testcases.Testng" name="screenshot" time="0.552"/>
  <testcase classname="testcases.Testng" name="teardown" time="0.960"/>
</testsuite> <!-- testcases.Testng -->
