<?xml version="1.0" encoding="UTF-8"?>
<!-- Generated by org.testng.reporters.JUnitReportReporter -->
<testsuite hostname="DESKTOP-GMUQ901" failures="0" tests="1" name="testcases.Testng1" time="0.015" errors="0" timestamp="18 Sep 2019 10:39:36 GMT" skipped="0">
  <testcase classname="testcases.Testng1" name="main" time="0.015"/>
</testsuite> <!-- testcases.Testng1 -->
