<?xml version="1.0" encoding="UTF-8"?>
<!-- Generated by org.testng.reporters.JUnitReportReporter -->
<testsuite hostname="DESKTOP-GMUQ901" failures="0" tests="2" name="testng.Example2" time="5.992" errors="0" timestamp="07 Oct 2019 07:31:32 GMT" skipped="0">
  <testcase classname="testng.Example2" name="pagetitle" time="5.076"/>
  <testcase classname="testng.Example2" name="privatebanking" time="0.916"/>
</testsuite> <!-- testng.Example2 -->
