<?xml version="1.0" encoding="UTF-8"?>
<!-- Generated by org.testng.reporters.JUnitReportReporter -->
<testsuite hostname="DESKTOP-GMUQ901" failures="0" tests="2" name="notesprograms.Dataprovider" time="48.884" errors="0" timestamp="23 Oct 2019 10:32:53 GMT" skipped="0">
  <testcase classname="notesprograms.Dataprovider" name="login" time="38.730"/>
  <testcase classname="notesprograms.Dataprovider" name="login" time="10.154"/>
</testsuite> <!-- notesprograms.Dataprovider -->
