<?xml version="1.0" encoding="UTF-8"?>
<!-- Generated by org.testng.reporters.JUnitReportReporter -->
<testsuite hostname="DESKTOP-GMUQ901" failures="0" tests="1" name="testcases.checkbox.Diffapproach" time="18.485" errors="0" timestamp="19 Sep 2019 09:07:14 GMT" skipped="0">
  <testcase classname="testcases.checkbox.Diffapproach" name="diif" time="18.485"/>
</testsuite> <!-- testcases.checkbox.Diffapproach -->
